C:\USERS\SIHO\DOCUMENTS\VISUAL STUDIO 2012\PROJECTS\FACEPOINTARRAYS\FACETAKING2D\RELEASE\MAIN.OBJ
C:\USERS\SIHO\DOCUMENTS\VISUAL STUDIO 2012\PROJECTS\FACEPOINTARRAYS\FACETAKING2D\RELEASE\VC100.PDB
C:\Users\SIHO\documents\visual studio 2012\Projects\FacePointArrays\Release\FaceTaking2D.lib
C:\Users\SIHO\documents\visual studio 2012\Projects\FacePointArrays\Release\FaceTaking2D.exp
C:\USERS\SIHO\DOCUMENTS\VISUAL STUDIO 2012\PROJECTS\FACEPOINTARRAYS\RELEASE\FACETAKING2D.DLL
C:\USERS\SIHO\DOCUMENTS\VISUAL STUDIO 2012\PROJECTS\FACEPOINTARRAYS\FACETAKING2D\RELEASE\FACETAKING2D.DLL.INTERMEDIATE.MANIFEST
C:\USERS\SIHO\DOCUMENTS\VISUAL STUDIO 2012\PROJECTS\FACEPOINTARRAYS\RELEASE\FACETAKING2D.PDB
C:\Users\SIHO\documents\visual studio 2012\Projects\FacePointArrays\FaceTaking2D\Release\main.obj
C:\Users\SIHO\documents\visual studio 2012\Projects\FacePointArrays\FaceTaking2D\Release\cl.command.1.tlog
C:\Users\SIHO\documents\visual studio 2012\Projects\FacePointArrays\FaceTaking2D\Release\CL.read.1.tlog
C:\Users\SIHO\documents\visual studio 2012\Projects\FacePointArrays\FaceTaking2D\Release\CL.write.1.tlog
C:\Users\SIHO\documents\visual studio 2012\Projects\FacePointArrays\FaceTaking2D\Release\FaceTaking2D.write.1.tlog
C:\Users\SIHO\documents\visual studio 2012\Projects\FacePointArrays\FaceTaking2D\Release\link.command.1.tlog
C:\Users\SIHO\documents\visual studio 2012\Projects\FacePointArrays\FaceTaking2D\Release\link.read.1.tlog
C:\Users\SIHO\documents\visual studio 2012\Projects\FacePointArrays\FaceTaking2D\Release\link.write.1.tlog
C:\Users\SIHO\documents\visual studio 2012\Projects\FacePointArrays\FaceTaking2D\Release\mt.command.1.tlog
C:\Users\SIHO\documents\visual studio 2012\Projects\FacePointArrays\FaceTaking2D\Release\mt.read.1.tlog
C:\Users\SIHO\documents\visual studio 2012\Projects\FacePointArrays\FaceTaking2D\Release\mt.write.1.tlog
C:\Users\SIHO\documents\visual studio 2012\Projects\FacePointArrays\FaceTaking2D\Release\FaceTaking2D.dll.intermediate.manifest
C:\Users\SIHO\documents\visual studio 2012\Projects\FacePointArrays\FaceTaking2D\Release\vc100.pdb
