C:\USERS\SIHO\DOCUMENTS\VISUAL STUDIO 2012\PROJECTS\FACEPOINTARRAYS\KINECTFACETAKING2D-LIGHT\RELEASE\MAIN.OBJ
C:\USERS\SIHO\DOCUMENTS\VISUAL STUDIO 2012\PROJECTS\FACEPOINTARRAYS\KINECTFACETAKING2D-LIGHT\RELEASE\VC100.PDB
C:\Users\SIHO\Documents\Visual Studio 2012\Projects\FacePointArrays\Release\kinectFaceTaking2D-light.lib
C:\Users\SIHO\Documents\Visual Studio 2012\Projects\FacePointArrays\Release\kinectFaceTaking2D-light.exp
C:\USERS\SIHO\DOCUMENTS\VISUAL STUDIO 2012\PROJECTS\FACEPOINTARRAYS\RELEASE\KINECTFACETAKING2D-LIGHT.DLL
C:\USERS\SIHO\DOCUMENTS\VISUAL STUDIO 2012\PROJECTS\FACEPOINTARRAYS\KINECTFACETAKING2D-LIGHT\RELEASE\KINECTFACETAKING2D-LIGHT.DLL.INTERMEDIATE.MANIFEST
C:\USERS\SIHO\DOCUMENTS\VISUAL STUDIO 2012\PROJECTS\FACEPOINTARRAYS\RELEASE\KINECTFACETAKING2D-LIGHT.PDB
C:\Users\SIHO\Documents\Visual Studio 2012\Projects\FacePointArrays\kinectFaceTaking2D-light\Release\main.obj
C:\Users\SIHO\Documents\Visual Studio 2012\Projects\FacePointArrays\kinectFaceTaking2D-light\Release\cl.command.1.tlog
C:\Users\SIHO\Documents\Visual Studio 2012\Projects\FacePointArrays\kinectFaceTaking2D-light\Release\CL.read.1.tlog
C:\Users\SIHO\Documents\Visual Studio 2012\Projects\FacePointArrays\kinectFaceTaking2D-light\Release\CL.write.1.tlog
C:\Users\SIHO\Documents\Visual Studio 2012\Projects\FacePointArrays\kinectFaceTaking2D-light\Release\kinectFaceTaking2D-light.write.1.tlog
C:\Users\SIHO\Documents\Visual Studio 2012\Projects\FacePointArrays\kinectFaceTaking2D-light\Release\link.command.1.tlog
C:\Users\SIHO\Documents\Visual Studio 2012\Projects\FacePointArrays\kinectFaceTaking2D-light\Release\link.read.1.tlog
C:\Users\SIHO\Documents\Visual Studio 2012\Projects\FacePointArrays\kinectFaceTaking2D-light\Release\link.write.1.tlog
C:\Users\SIHO\Documents\Visual Studio 2012\Projects\FacePointArrays\kinectFaceTaking2D-light\Release\mt.command.1.tlog
C:\Users\SIHO\Documents\Visual Studio 2012\Projects\FacePointArrays\kinectFaceTaking2D-light\Release\mt.read.1.tlog
C:\Users\SIHO\Documents\Visual Studio 2012\Projects\FacePointArrays\kinectFaceTaking2D-light\Release\mt.write.1.tlog
C:\Users\SIHO\Documents\Visual Studio 2012\Projects\FacePointArrays\kinectFaceTaking2D-light\Release\kinectFaceTaking2D-light.dll.intermediate.manifest
C:\Users\SIHO\Documents\Visual Studio 2012\Projects\FacePointArrays\kinectFaceTaking2D-light\Release\vc100.pdb
