C:\USERS\SIHO\DOCUMENTS\VISUAL STUDIO 2012\PROJECTS\FACEPOINTARRAYS\KINECTFACETAKING2D\RELEASE\MAIN.OBJ
C:\USERS\SIHO\DOCUMENTS\VISUAL STUDIO 2012\PROJECTS\FACEPOINTARRAYS\KINECTFACETAKING2D\RELEASE\VC100.PDB
C:\Users\SIHO\Documents\Visual Studio 2012\Projects\FacePointArrays\Release\kinectFaceTaking2D.lib
C:\Users\SIHO\Documents\Visual Studio 2012\Projects\FacePointArrays\Release\kinectFaceTaking2D.exp
C:\USERS\SIHO\DOCUMENTS\VISUAL STUDIO 2012\PROJECTS\FACEPOINTARRAYS\RELEASE\KINECTFACETAKING2D.DLL
C:\USERS\SIHO\DOCUMENTS\VISUAL STUDIO 2012\PROJECTS\FACEPOINTARRAYS\KINECTFACETAKING2D\RELEASE\KINECTFACETAKING2D.DLL.INTERMEDIATE.MANIFEST
C:\USERS\SIHO\DOCUMENTS\VISUAL STUDIO 2012\PROJECTS\FACEPOINTARRAYS\RELEASE\KINECTFACETAKING2D.PDB
C:\Users\SIHO\Documents\Visual Studio 2012\Projects\FacePointArrays\kinectFaceTaking2D\Release\main.obj
C:\Users\SIHO\Documents\Visual Studio 2012\Projects\FacePointArrays\kinectFaceTaking2D\Release\cl.command.1.tlog
C:\Users\SIHO\Documents\Visual Studio 2012\Projects\FacePointArrays\kinectFaceTaking2D\Release\CL.read.1.tlog
C:\Users\SIHO\Documents\Visual Studio 2012\Projects\FacePointArrays\kinectFaceTaking2D\Release\CL.write.1.tlog
C:\Users\SIHO\Documents\Visual Studio 2012\Projects\FacePointArrays\kinectFaceTaking2D\Release\kinectFaceTaking2D.write.1.tlog
C:\Users\SIHO\Documents\Visual Studio 2012\Projects\FacePointArrays\kinectFaceTaking2D\Release\link.command.1.tlog
C:\Users\SIHO\Documents\Visual Studio 2012\Projects\FacePointArrays\kinectFaceTaking2D\Release\link.read.1.tlog
C:\Users\SIHO\Documents\Visual Studio 2012\Projects\FacePointArrays\kinectFaceTaking2D\Release\link.write.1.tlog
C:\Users\SIHO\Documents\Visual Studio 2012\Projects\FacePointArrays\kinectFaceTaking2D\Release\mt.command.1.tlog
C:\Users\SIHO\Documents\Visual Studio 2012\Projects\FacePointArrays\kinectFaceTaking2D\Release\mt.read.1.tlog
C:\Users\SIHO\Documents\Visual Studio 2012\Projects\FacePointArrays\kinectFaceTaking2D\Release\mt.write.1.tlog
C:\Users\SIHO\Documents\Visual Studio 2012\Projects\FacePointArrays\kinectFaceTaking2D\Release\kinectFaceTaking2D.dll.intermediate.manifest
C:\Users\SIHO\Documents\Visual Studio 2012\Projects\FacePointArrays\kinectFaceTaking2D\Release\vc100.pdb
C:\Users\SIHO\Documents\Visual Studio 2012\Projects\FacePointArrays\Release\kinectFaceTaking2D.pdb
C:\Users\SIHO\Documents\Visual Studio 2012\Projects\FacePointArrays\Release\kinectFaceTaking2D.dll
