C:\USERS\SIHO\DOCUMENTS\VISUAL STUDIO 2012\PROJECTS\FACEPOINTARRAYS\FACETAKING2D\DEBUG\MAIN.OBJ
C:\USERS\SIHO\DOCUMENTS\VISUAL STUDIO 2012\PROJECTS\FACEPOINTARRAYS\FACETAKING2D\DEBUG\VC100.PDB
C:\Users\SIHO\documents\visual studio 2012\Projects\FacePointArrays\Debug\FaceTaking2D.lib
C:\Users\SIHO\documents\visual studio 2012\Projects\FacePointArrays\Debug\FaceTaking2D.exp
C:\Users\SIHO\Documents\Visual Studio 2012\Projects\FacePointArrays\Debug\FaceTaking2D.lib
C:\Users\SIHO\Documents\Visual Studio 2012\Projects\FacePointArrays\Debug\FaceTaking2D.exp
C:\USERS\SIHO\DOCUMENTS\VISUAL STUDIO 2012\PROJECTS\FACEPOINTARRAYS\DEBUG\FACETAKING2D.ILK
C:\USERS\SIHO\DOCUMENTS\VISUAL STUDIO 2012\PROJECTS\FACEPOINTARRAYS\DEBUG\FACETAKING2D.EXE
C:\USERS\SIHO\DOCUMENTS\VISUAL STUDIO 2012\PROJECTS\FACEPOINTARRAYS\FACETAKING2D\DEBUG\FACETAKING2D.EXE.INTERMEDIATE.MANIFEST
C:\USERS\SIHO\DOCUMENTS\VISUAL STUDIO 2012\PROJECTS\FACEPOINTARRAYS\DEBUG\FACETAKING2D.PDB
C:\USERS\SIHO\DOCUMENTS\VISUAL STUDIO 2012\PROJECTS\FACEPOINTARRAYS\FACETAKING2D\DEBUG\FACETAKING2D.DLL.EMBED.MANIFEST
C:\USERS\SIHO\DOCUMENTS\VISUAL STUDIO 2012\PROJECTS\FACEPOINTARRAYS\FACETAKING2D\DEBUG\FACETAKING2D.EXE.EMBED.MANIFEST
C:\USERS\SIHO\DOCUMENTS\VISUAL STUDIO 2012\PROJECTS\FACEPOINTARRAYS\FACETAKING2D\DEBUG\FACETAKING2D.EXE.EMBED.MANIFEST.RES
C:\Users\SIHO\Documents\Visual Studio 2012\Projects\FacePointArrays\FaceTaking2D\Debug\main.obj
C:\Users\SIHO\Documents\Visual Studio 2012\Projects\FacePointArrays\FaceTaking2D\Debug\cl.command.1.tlog
C:\Users\SIHO\Documents\Visual Studio 2012\Projects\FacePointArrays\FaceTaking2D\Debug\CL.read.1.tlog
C:\Users\SIHO\Documents\Visual Studio 2012\Projects\FacePointArrays\FaceTaking2D\Debug\CL.write.1.tlog
C:\Users\SIHO\Documents\Visual Studio 2012\Projects\FacePointArrays\FaceTaking2D\Debug\FaceTaking2D.write.1.tlog
C:\Users\SIHO\Documents\Visual Studio 2012\Projects\FacePointArrays\FaceTaking2D\Debug\link-cvtres.read.1.tlog
C:\Users\SIHO\Documents\Visual Studio 2012\Projects\FacePointArrays\FaceTaking2D\Debug\link-cvtres.write.1.tlog
C:\Users\SIHO\Documents\Visual Studio 2012\Projects\FacePointArrays\FaceTaking2D\Debug\link.6008-cvtres.read.1.tlog
C:\Users\SIHO\Documents\Visual Studio 2012\Projects\FacePointArrays\FaceTaking2D\Debug\link.6008-cvtres.write.1.tlog
C:\Users\SIHO\Documents\Visual Studio 2012\Projects\FacePointArrays\FaceTaking2D\Debug\link.6008.read.1.tlog
C:\Users\SIHO\Documents\Visual Studio 2012\Projects\FacePointArrays\FaceTaking2D\Debug\link.6008.write.1.tlog
C:\Users\SIHO\Documents\Visual Studio 2012\Projects\FacePointArrays\FaceTaking2D\Debug\link.command.1.tlog
C:\Users\SIHO\Documents\Visual Studio 2012\Projects\FacePointArrays\FaceTaking2D\Debug\link.read.1.tlog
C:\Users\SIHO\Documents\Visual Studio 2012\Projects\FacePointArrays\FaceTaking2D\Debug\link.write.1.tlog
C:\Users\SIHO\Documents\Visual Studio 2012\Projects\FacePointArrays\FaceTaking2D\Debug\mt.command.1.tlog
C:\Users\SIHO\Documents\Visual Studio 2012\Projects\FacePointArrays\FaceTaking2D\Debug\mt.read.1.tlog
C:\Users\SIHO\Documents\Visual Studio 2012\Projects\FacePointArrays\FaceTaking2D\Debug\mt.write.1.tlog
C:\Users\SIHO\Documents\Visual Studio 2012\Projects\FacePointArrays\FaceTaking2D\Debug\rc.command.1.tlog
C:\Users\SIHO\Documents\Visual Studio 2012\Projects\FacePointArrays\FaceTaking2D\Debug\rc.read.1.tlog
C:\Users\SIHO\Documents\Visual Studio 2012\Projects\FacePointArrays\FaceTaking2D\Debug\rc.write.1.tlog
C:\Users\SIHO\Documents\Visual Studio 2012\Projects\FacePointArrays\FaceTaking2D\Debug\FaceTaking2D.dll.embed.manifest
C:\Users\SIHO\Documents\Visual Studio 2012\Projects\FacePointArrays\FaceTaking2D\Debug\FaceTaking2D.dll.intermediate.manifest
C:\Users\SIHO\Documents\Visual Studio 2012\Projects\FacePointArrays\FaceTaking2D\Debug\FaceTaking2D.exe.embed.manifest
C:\Users\SIHO\Documents\Visual Studio 2012\Projects\FacePointArrays\FaceTaking2D\Debug\FaceTaking2D.exe.intermediate.manifest
C:\Users\SIHO\Documents\Visual Studio 2012\Projects\FacePointArrays\FaceTaking2D\Debug\FaceTaking2D.dll.embed.manifest.res
C:\Users\SIHO\Documents\Visual Studio 2012\Projects\FacePointArrays\FaceTaking2D\Debug\FaceTaking2D.exe.embed.manifest.res
C:\Users\SIHO\Documents\Visual Studio 2012\Projects\FacePointArrays\FaceTaking2D\Debug\vc100.idb
C:\Users\SIHO\Documents\Visual Studio 2012\Projects\FacePointArrays\FaceTaking2D\Debug\vc100.pdb
C:\Users\SIHO\Documents\Visual Studio 2012\Projects\FacePointArrays\FaceTaking2D\Debug\FaceTaking2D_manifest.rc
C:\Users\SIHO\Documents\Visual Studio 2012\Projects\FacePointArrays\Debug\FaceTaking2D.pdb
C:\Users\SIHO\Documents\Visual Studio 2012\Projects\FacePointArrays\Debug\FaceTaking2D.exe
C:\Users\SIHO\Documents\Visual Studio 2012\Projects\FacePointArrays\Debug\FaceTaking2D.ilk
